#
# There is insufficient memory for the Java Runtime Environment to continue.
# Native memory allocation (malloc) failed to allocate 2077168 bytes. Error detail: Chunk::new
# Possible reasons:
#   The system is out of physical RAM or swap space
#   This process is running with CompressedOops enabled, and the Java Heap may be blocking the growth of the native heap
# Possible solutions:
#   Reduce memory load on the system
#   Increase physical memory or swap space
#   Check if swap backing store is full
#   Decrease Java heap size (-Xmx/-Xms)
#   Decrease number of Java threads
#   Decrease Java thread stack sizes (-Xss)
#   Set larger code cache with -XX:ReservedCodeCacheSize=
#   JVM is running with Unscaled Compressed Oops mode in which the Java heap is
#     placed in the first 4GB address space. The Java Heap base address is the
#     maximum limit for the native heap growth. Please use -XX:HeapBaseMinAddress
#     to set the Java Heap base and to place the Java Heap above 4GB virtual address.
# This output file may be truncated or incomplete.
#
#  Out of Memory Error (arena.cpp:168), pid=40396, tid=41996
#
# JRE version: OpenJDK Runtime Environment (21.0.5) (build 21.0.5+-13047016-b750.29)
# Java VM: OpenJDK 64-Bit Server VM (21.0.5+-12932927-b750.29, mixed mode, tiered, compressed oops, compressed class ptrs, g1 gc, windows-amd64)
# No core dump will be written. Minidumps are not enabled by default on client versions of Windows
#

---------------  S U M M A R Y ------------

Command Line: --add-opens=java.base/java.lang=ALL-UNNAMED --add-opens=java.base/java.lang.invoke=ALL-UNNAMED --add-opens=java.base/java.util=ALL-UNNAMED --add-opens=java.prefs/java.util.prefs=ALL-UNNAMED --add-exports=jdk.compiler/com.sun.tools.javac.api=ALL-UNNAMED --add-exports=jdk.compiler/com.sun.tools.javac.util=ALL-UNNAMED --add-opens=java.base/java.util=ALL-UNNAMED --add-opens=java.prefs/java.util.prefs=ALL-UNNAMED --add-opens=java.base/java.nio.charset=ALL-UNNAMED --add-opens=java.base/java.net=ALL-UNNAMED --add-opens=java.base/java.util.concurrent.atomic=ALL-UNNAMED --add-opens=java.xml/javax.xml.namespace=ALL-UNNAMED -Xmx2048m -Dfile.encoding=UTF-8 -Duser.country=CO -Duser.language=es -Duser.variant -javaagent:C:\Users\santi\.gradle\wrapper\dists\gradle-8.11.1-bin\bpt9gzteqjrbo1mjrsomdt32c\gradle-8.11.1\lib\agents\gradle-instrumentation-agent-8.11.1.jar org.gradle.launcher.daemon.bootstrap.GradleDaemon 8.11.1

Host: AMD Ryzen 5 3500U with Radeon Vega Mobile Gfx  , 8 cores, 6G,  Windows 11 , 64 bit Build 26100 (10.0.26100.6725)
Time: Mon Nov 17 12:15:26 2025 Hora est. Pacífico, Sudamérica elapsed time: 34.610891 seconds (0d 0h 0m 34s)

---------------  T H R E A D  ---------------

Current thread (0x0000027d7410a0c0):  JavaThread "C2 CompilerThread0" daemon [_thread_in_native, id=41996, stack(0x000000dc94500000,0x000000dc94600000) (1024K)]


Current CompileTask:
C2:34610 5398   !   4       java.net.URLClassLoader::findClass (47 bytes)

Stack: [0x000000dc94500000,0x000000dc94600000]
Native frames: (J=compiled Java code, j=interpreted, Vv=VM code, C=native code)
V  [jvm.dll+0x6cfb29]
V  [jvm.dll+0x85ded3]
V  [jvm.dll+0x86042e]
V  [jvm.dll+0x860b13]
V  [jvm.dll+0x27e6b6]
V  [jvm.dll+0xbff6d]
V  [jvm.dll+0xc04a3]
V  [jvm.dll+0x3b5ffb]
V  [jvm.dll+0x381f97]
V  [jvm.dll+0x38140a]
V  [jvm.dll+0x247c62]
V  [jvm.dll+0x247231]
V  [jvm.dll+0x1c5ee4]
V  [jvm.dll+0x25697c]
V  [jvm.dll+0x254ec6]
V  [jvm.dll+0x3f0ce6]
V  [jvm.dll+0x806368]
V  [jvm.dll+0x6ce3fd]
C  [ucrtbase.dll+0x37b0]
C  [KERNEL32.DLL+0x2e8d7]
C  [ntdll.dll+0x8c53c]


---------------  P R O C E S S  ---------------

Threads class SMR info:
_java_thread_list=0x0000027d7a8e1660, length=33, elements={
0x0000027d5a6568a0, 0x0000027d74125f20, 0x0000027d74126970, 0x0000027d74132780,
0x0000027d74105e40, 0x0000027d7413adf0, 0x0000027d7413d850, 0x0000027d7410a0c0,
0x0000027d7410ab50, 0x0000027d7428c810, 0x0000027d74432d00, 0x0000027d79740330,
0x0000027d795051c0, 0x0000027d7a04c660, 0x0000027d74717fb0, 0x0000027d74938780,
0x0000027d79fc32c0, 0x0000027d79fc5930, 0x0000027d79fc5f90, 0x0000027d7a0458d0,
0x0000027d7a043e90, 0x0000027d7a044520, 0x0000027d7a0465f0, 0x0000027d7a044bb0,
0x0000027d7a046c80, 0x0000027d7a045f60, 0x0000027d7a043800, 0x0000027d7c330c10,
0x0000027d7c331fc0, 0x0000027d7c332ce0, 0x0000027d7c330580, 0x0000027d7c3312a0,
0x0000027d7c1e9620
}

Java Threads: ( => current thread )
  0x0000027d5a6568a0 JavaThread "main"                              [_thread_blocked, id=40936, stack(0x000000dc93700000,0x000000dc93800000) (1024K)]
  0x0000027d74125f20 JavaThread "Reference Handler"          daemon [_thread_blocked, id=41968, stack(0x000000dc93f00000,0x000000dc94000000) (1024K)]
  0x0000027d74126970 JavaThread "Finalizer"                  daemon [_thread_blocked, id=36612, stack(0x000000dc94000000,0x000000dc94100000) (1024K)]
  0x0000027d74132780 JavaThread "Signal Dispatcher"          daemon [_thread_blocked, id=39124, stack(0x000000dc94100000,0x000000dc94200000) (1024K)]
  0x0000027d74105e40 JavaThread "Attach Listener"            daemon [_thread_blocked, id=41372, stack(0x000000dc94200000,0x000000dc94300000) (1024K)]
  0x0000027d7413adf0 JavaThread "Service Thread"             daemon [_thread_blocked, id=38080, stack(0x000000dc94300000,0x000000dc94400000) (1024K)]
  0x0000027d7413d850 JavaThread "Monitor Deflation Thread"   daemon [_thread_blocked, id=17160, stack(0x000000dc94400000,0x000000dc94500000) (1024K)]
=>0x0000027d7410a0c0 JavaThread "C2 CompilerThread0"         daemon [_thread_in_native, id=41996, stack(0x000000dc94500000,0x000000dc94600000) (1024K)]
  0x0000027d7410ab50 JavaThread "C1 CompilerThread0"         daemon [_thread_blocked, id=42076, stack(0x000000dc94600000,0x000000dc94700000) (1024K)]
  0x0000027d7428c810 JavaThread "Common-Cleaner"             daemon [_thread_blocked, id=41732, stack(0x000000dc94700000,0x000000dc94800000) (1024K)]
  0x0000027d74432d00 JavaThread "Notification Thread"        daemon [_thread_blocked, id=42660, stack(0x000000dc94800000,0x000000dc94900000) (1024K)]
  0x0000027d79740330 JavaThread "Daemon health stats"               [_thread_blocked, id=7428, stack(0x000000dc94900000,0x000000dc94a00000) (1024K)]
  0x0000027d795051c0 JavaThread "Incoming local TCP Connector on port 38332"        [_thread_in_native, id=42316, stack(0x000000dc94e00000,0x000000dc94f00000) (1024K)]
  0x0000027d7a04c660 JavaThread "Daemon periodic checks"            [_thread_blocked, id=25748, stack(0x000000dc94f00000,0x000000dc95000000) (1024K)]
  0x0000027d74717fb0 JavaThread "Daemon"                            [_thread_blocked, id=36996, stack(0x000000dc95000000,0x000000dc95100000) (1024K)]
  0x0000027d74938780 JavaThread "Handler for socket connection from /127.0.0.1:38332 to /127.0.0.1:38333"        [_thread_in_native, id=39672, stack(0x000000dc95100000,0x000000dc95200000) (1024K)]
  0x0000027d79fc32c0 JavaThread "Cancel handler"                    [_thread_blocked, id=16856, stack(0x000000dc95200000,0x000000dc95300000) (1024K)]
  0x0000027d79fc5930 JavaThread "Daemon worker"                     [_thread_in_Java, id=37288, stack(0x000000dc95300000,0x000000dc95400000) (1024K)]
  0x0000027d79fc5f90 JavaThread "Asynchronous log dispatcher for DefaultDaemonConnection: socket connection from /127.0.0.1:38332 to /127.0.0.1:38333"        [_thread_blocked, id=39912, stack(0x000000dc95400000,0x000000dc95500000) (1024K)]
  0x0000027d7a0458d0 JavaThread "Stdin handler"                     [_thread_blocked, id=37452, stack(0x000000dc95500000,0x000000dc95600000) (1024K)]
  0x0000027d7a043e90 JavaThread "Daemon client event forwarder"        [_thread_blocked, id=40820, stack(0x000000dc95600000,0x000000dc95700000) (1024K)]
  0x0000027d7a044520 JavaThread "Cache worker for journal cache (C:\Users\santi\.gradle\caches\journal-1)"        [_thread_blocked, id=36264, stack(0x000000dc95b00000,0x000000dc95c00000) (1024K)]
  0x0000027d7a0465f0 JavaThread "File lock request listener"        [_thread_in_native, id=36360, stack(0x000000dc95c00000,0x000000dc95d00000) (1024K)]
  0x0000027d7a044bb0 JavaThread "Cache worker for file hash cache (C:\Users\santi\.gradle\caches\8.11.1\fileHashes)"        [_thread_blocked, id=35112, stack(0x000000dc95d00000,0x000000dc95e00000) (1024K)]
  0x0000027d7a046c80 JavaThread "Cache worker for file content cache (C:\Users\santi\.gradle\caches\8.11.1\fileContent)"        [_thread_blocked, id=28264, stack(0x000000dc95f00000,0x000000dc96000000) (1024K)]
  0x0000027d7a045f60 JavaThread "Cache worker for file hash cache (C:\Users\santi\AndroidStudioProjects\AppFront\.gradle\8.11.1\fileHashes)"        [_thread_blocked, id=30372, stack(0x000000dc95e00000,0x000000dc95f00000) (1024K)]
  0x0000027d7a043800 JavaThread "Cache worker for Build Output Cleanup Cache (C:\Users\santi\AndroidStudioProjects\AppFront\.gradle\buildOutputCleanup)"        [_thread_blocked, id=25948, stack(0x000000dc96000000,0x000000dc96100000) (1024K)]
  0x0000027d7c330c10 JavaThread "File watcher server"        daemon [_thread_in_native, id=24824, stack(0x000000dc96100000,0x000000dc96200000) (1024K)]
  0x0000027d7c331fc0 JavaThread "File watcher consumer"      daemon [_thread_blocked, id=38108, stack(0x000000dc96200000,0x000000dc96300000) (1024K)]
  0x0000027d7c332ce0 JavaThread "Cache worker for checksums cache (C:\Users\santi\AndroidStudioProjects\AppFront\.gradle\8.11.1\checksums)"        [_thread_blocked, id=22900, stack(0x000000dc96300000,0x000000dc96400000) (1024K)]
  0x0000027d7c330580 JavaThread "Cache worker for cache directory md-rule (C:\Users\santi\.gradle\caches\8.11.1\md-rule)"        [_thread_blocked, id=37356, stack(0x000000dc96400000,0x000000dc96500000) (1024K)]
  0x0000027d7c3312a0 JavaThread "Cache worker for cache directory md-supplier (C:\Users\santi\.gradle\caches\8.11.1\md-supplier)"        [_thread_blocked, id=20892, stack(0x000000dc96500000,0x000000dc96600000) (1024K)]
  0x0000027d7c1e9620 JavaThread "C2 CompilerThread1"         daemon [_thread_in_native, id=39228, stack(0x000000dc96600000,0x000000dc96700000) (1024K)]
Total: 33

Other Threads:
  0x0000027d7408b930 VMThread "VM Thread"                           [id=31620, stack(0x000000dc93e00000,0x000000dc93f00000) (1024K)]
  0x0000027d739a4950 WatcherThread "VM Periodic Task Thread"        [id=42384, stack(0x000000dc93d00000,0x000000dc93e00000) (1024K)]
  0x0000027d5c0a3630 WorkerThread "GC Thread#0"                     [id=31056, stack(0x000000dc93800000,0x000000dc93900000) (1024K)]
  0x0000027d7494c030 WorkerThread "GC Thread#1"                     [id=12120, stack(0x000000dc94a00000,0x000000dc94b00000) (1024K)]
  0x0000027d74997c30 WorkerThread "GC Thread#2"                     [id=39752, stack(0x000000dc94b00000,0x000000dc94c00000) (1024K)]
  0x0000027d7494a370 WorkerThread "GC Thread#3"                     [id=29780, stack(0x000000dc94c00000,0x000000dc94d00000) (1024K)]
  0x0000027d798a8f20 WorkerThread "GC Thread#4"                     [id=28756, stack(0x000000dc94d00000,0x000000dc94e00000) (1024K)]
  0x0000027d7a2f9a60 WorkerThread "GC Thread#5"                     [id=32492, stack(0x000000dc95700000,0x000000dc95800000) (1024K)]
  0x0000027d7a2f9e00 WorkerThread "GC Thread#6"                     [id=18324, stack(0x000000dc95800000,0x000000dc95900000) (1024K)]
  0x0000027d7a308510 WorkerThread "GC Thread#7"                     [id=41348, stack(0x000000dc95900000,0x000000dc95a00000) (1024K)]
  0x0000027d5c0b4520 ConcurrentGCThread "G1 Main Marker"            [id=38476, stack(0x000000dc93900000,0x000000dc93a00000) (1024K)]
  0x0000027d5c0b5d70 WorkerThread "G1 Conc#0"                       [id=13252, stack(0x000000dc93a00000,0x000000dc93b00000) (1024K)]
  0x0000027d7a309390 WorkerThread "G1 Conc#1"                       [id=26844, stack(0x000000dc95a00000,0x000000dc95b00000) (1024K)]
  0x0000027d5c10e3e0 ConcurrentGCThread "G1 Refine#0"               [id=42296, stack(0x000000dc93b00000,0x000000dc93c00000) (1024K)]
  0x0000027d73872030 ConcurrentGCThread "G1 Service"                [id=40672, stack(0x000000dc93c00000,0x000000dc93d00000) (1024K)]
Total: 15

Threads with active compile tasks:
C2 CompilerThread0  34687 5398   !   4       java.net.URLClassLoader::findClass (47 bytes)
C2 CompilerThread1  34687 5399       4       java.net.URLClassLoader$1::run (5 bytes)
Total: 2

VM state: not at safepoint (normal execution)

VM Mutex/Monitor currently owned by a thread: None

Heap address: 0x0000000080000000, size: 2048 MB, Compressed Oops mode: 32-bit

CDS archive(s) not mapped
Compressed class space mapped at: 0x0000000100000000-0x0000000140000000, reserved size: 1073741824
Narrow klass base: 0x0000000000000000, Narrow klass shift: 3, Narrow klass range: 0x140000000

GC Precious Log:
 CardTable entry size: 512
 Card Set container configuration: InlinePtr #cards 5 size 8 Array Of Cards #cards 12 size 40 Howl #buckets 4 coarsen threshold 1843 Howl Bitmap #cards 512 size 80 coarsen threshold 460 Card regions per heap region 1 cards per card region 2048
 CPUs: 8 total, 8 available
 Memory: 7103M
 Large Page Support: Disabled
 NUMA Support: Disabled
 Compressed Oops: Enabled (32-bit)
 Heap Region Size: 1M
 Heap Min Capacity: 8M
 Heap Initial Capacity: 112M
 Heap Max Capacity: 2G
 Pre-touch: Disabled
 Parallel Workers: 8
 Concurrent Workers: 2
 Concurrent Refinement Workers: 8
 Periodic GC: Disabled

Heap:
 garbage-first heap   total 84992K, used 65434K [0x0000000080000000, 0x0000000100000000)
  region size 1024K, 31 young (31744K), 3 survivors (3072K)
 Metaspace       used 62510K, committed 64064K, reserved 1114112K
  class space    used 8547K, committed 9344K, reserved 1048576K

Heap Regions: E=young(eden), S=young(survivor), O=old, HS=humongous(starts), HC=humongous(continues), CS=collection set, F=free, TAMS=top-at-mark-start, PB=parsable bottom
|   0|0x0000000080000000, 0x0000000080100000, 0x0000000080100000|100%| O|  |TAMS 0x0000000080000000| PB 0x0000000080000000| Untracked 
|   1|0x0000000080100000, 0x0000000080200000, 0x0000000080200000|100%|HS|  |TAMS 0x0000000080100000| PB 0x0000000080100000| Complete 
|   2|0x0000000080200000, 0x0000000080300000, 0x0000000080300000|100%|HC|  |TAMS 0x0000000080200000| PB 0x0000000080200000| Complete 
|   3|0x0000000080300000, 0x0000000080400000, 0x0000000080400000|100%|HC|  |TAMS 0x0000000080300000| PB 0x0000000080300000| Complete 
|   4|0x0000000080400000, 0x0000000080500000, 0x0000000080500000|100%| O|  |TAMS 0x0000000080400000| PB 0x0000000080400000| Untracked 
|   5|0x0000000080500000, 0x0000000080600000, 0x0000000080600000|100%| O|  |TAMS 0x0000000080500000| PB 0x0000000080500000| Untracked 
|   6|0x0000000080600000, 0x0000000080700000, 0x0000000080700000|100%| O|  |TAMS 0x0000000080600000| PB 0x0000000080600000| Untracked 
|   7|0x0000000080700000, 0x0000000080800000, 0x0000000080800000|100%|HS|  |TAMS 0x0000000080700000| PB 0x0000000080700000| Complete 
|   8|0x0000000080800000, 0x0000000080900000, 0x0000000080900000|100%| O|  |TAMS 0x0000000080800000| PB 0x0000000080800000| Untracked 
|   9|0x0000000080900000, 0x0000000080a00000, 0x0000000080a00000|100%| O|  |TAMS 0x0000000080900000| PB 0x0000000080900000| Untracked 
|  10|0x0000000080a00000, 0x0000000080b00000, 0x0000000080b00000|100%| O|  |TAMS 0x0000000080a00000| PB 0x0000000080a00000| Untracked 
|  11|0x0000000080b00000, 0x0000000080c00000, 0x0000000080c00000|100%| O|  |TAMS 0x0000000080b00000| PB 0x0000000080b00000| Untracked 
|  12|0x0000000080c00000, 0x0000000080d00000, 0x0000000080d00000|100%| O|  |TAMS 0x0000000080c00000| PB 0x0000000080c00000| Untracked 
|  13|0x0000000080d00000, 0x0000000080e00000, 0x0000000080e00000|100%| O|  |TAMS 0x0000000080d00000| PB 0x0000000080d00000| Untracked 
|  14|0x0000000080e00000, 0x0000000080f00000, 0x0000000080f00000|100%| O|  |TAMS 0x0000000080e00000| PB 0x0000000080e00000| Untracked 
|  15|0x0000000080f00000, 0x0000000081000000, 0x0000000081000000|100%| O|  |TAMS 0x0000000080f00000| PB 0x0000000080f00000| Untracked 
|  16|0x0000000081000000, 0x0000000081100000, 0x0000000081100000|100%| O|  |TAMS 0x0000000081000000| PB 0x0000000081000000| Untracked 
|  17|0x0000000081100000, 0x0000000081200000, 0x0000000081200000|100%| O|Cm|TAMS 0x0000000081100000| PB 0x0000000081100000| Complete 
|  18|0x0000000081200000, 0x0000000081300000, 0x0000000081300000|100%| O|  |TAMS 0x0000000081200000| PB 0x0000000081200000| Untracked 
|  19|0x0000000081300000, 0x0000000081400000, 0x0000000081400000|100%| O|  |TAMS 0x0000000081300000| PB 0x0000000081300000| Untracked 
|  20|0x0000000081400000, 0x0000000081500000, 0x0000000081500000|100%| O|  |TAMS 0x0000000081400000| PB 0x0000000081400000| Untracked 
|  21|0x0000000081500000, 0x0000000081600000, 0x0000000081600000|100%| O|  |TAMS 0x0000000081500000| PB 0x0000000081500000| Untracked 
|  22|0x0000000081600000, 0x0000000081700000, 0x0000000081700000|100%| O|  |TAMS 0x0000000081600000| PB 0x0000000081600000| Untracked 
|  23|0x0000000081700000, 0x0000000081800000, 0x0000000081800000|100%| O|  |TAMS 0x0000000081700000| PB 0x0000000081700000| Untracked 
|  24|0x0000000081800000, 0x0000000081900000, 0x0000000081900000|100%| O|  |TAMS 0x0000000081800000| PB 0x0000000081800000| Untracked 
|  25|0x0000000081900000, 0x0000000081a00000, 0x0000000081a00000|100%| O|  |TAMS 0x0000000081900000| PB 0x0000000081900000| Untracked 
|  26|0x0000000081a00000, 0x0000000081b00000, 0x0000000081b00000|100%| O|  |TAMS 0x0000000081a00000| PB 0x0000000081a00000| Untracked 
|  27|0x0000000081b00000, 0x0000000081c00000, 0x0000000081c00000|100%| O|  |TAMS 0x0000000081b00000| PB 0x0000000081b00000| Untracked 
|  28|0x0000000081c00000, 0x0000000081d00000, 0x0000000081d00000|100%| O|  |TAMS 0x0000000081c00000| PB 0x0000000081c00000| Untracked 
|  29|0x0000000081d00000, 0x0000000081d07ff8, 0x0000000081e00000|  3%| O|  |TAMS 0x0000000081d00000| PB 0x0000000081d00000| Untracked 
|  30|0x0000000081e00000, 0x0000000081e00000, 0x0000000081f00000|  0%| F|  |TAMS 0x0000000081e00000| PB 0x0000000081e00000| Untracked 
|  31|0x0000000081f00000, 0x0000000081f00000, 0x0000000082000000|  0%| F|  |TAMS 0x0000000081f00000| PB 0x0000000081f00000| Untracked 
|  32|0x0000000082000000, 0x0000000082000000, 0x0000000082100000|  0%| F|  |TAMS 0x0000000082000000| PB 0x0000000082000000| Untracked 
|  33|0x0000000082100000, 0x0000000082100000, 0x0000000082200000|  0%| F|  |TAMS 0x0000000082100000| PB 0x0000000082100000| Untracked 
|  34|0x0000000082200000, 0x0000000082200000, 0x0000000082300000|  0%| F|  |TAMS 0x0000000082200000| PB 0x0000000082200000| Untracked 
|  35|0x0000000082300000, 0x0000000082300000, 0x0000000082400000|  0%| F|  |TAMS 0x0000000082300000| PB 0x0000000082300000| Untracked 
|  36|0x0000000082400000, 0x0000000082400000, 0x0000000082500000|  0%| F|  |TAMS 0x0000000082400000| PB 0x0000000082400000| Untracked 
|  37|0x0000000082500000, 0x0000000082500000, 0x0000000082600000|  0%| F|  |TAMS 0x0000000082500000| PB 0x0000000082500000| Untracked 
|  38|0x0000000082600000, 0x0000000082600000, 0x0000000082700000|  0%| F|  |TAMS 0x0000000082600000| PB 0x0000000082600000| Untracked 
|  39|0x0000000082700000, 0x0000000082700000, 0x0000000082800000|  0%| F|  |TAMS 0x0000000082700000| PB 0x0000000082700000| Untracked 
|  40|0x0000000082800000, 0x0000000082800000, 0x0000000082900000|  0%| F|  |TAMS 0x0000000082800000| PB 0x0000000082800000| Untracked 
|  41|0x0000000082900000, 0x0000000082900000, 0x0000000082a00000|  0%| F|  |TAMS 0x0000000082900000| PB 0x0000000082900000| Untracked 
|  42|0x0000000082a00000, 0x0000000082a00000, 0x0000000082b00000|  0%| F|  |TAMS 0x0000000082a00000| PB 0x0000000082a00000| Untracked 
|  43|0x0000000082b00000, 0x0000000082b00000, 0x0000000082c00000|  0%| F|  |TAMS 0x0000000082b00000| PB 0x0000000082b00000| Untracked 
|  44|0x0000000082c00000, 0x0000000082c00000, 0x0000000082d00000|  0%| F|  |TAMS 0x0000000082c00000| PB 0x0000000082c00000| Untracked 
|  45|0x0000000082d00000, 0x0000000082d00000, 0x0000000082e00000|  0%| F|  |TAMS 0x0000000082d00000| PB 0x0000000082d00000| Untracked 
|  46|0x0000000082e00000, 0x0000000082e00000, 0x0000000082f00000|  0%| F|  |TAMS 0x0000000082e00000| PB 0x0000000082e00000| Untracked 
|  47|0x0000000082f00000, 0x0000000083000000, 0x0000000083000000|100%| E|  |TAMS 0x0000000082f00000| PB 0x0000000082f00000| Complete 
|  48|0x0000000083000000, 0x0000000083100000, 0x0000000083100000|100%| E|CS|TAMS 0x0000000083000000| PB 0x0000000083000000| Complete 
|  49|0x0000000083100000, 0x00000000831de990, 0x0000000083200000| 86%| S|CS|TAMS 0x0000000083100000| PB 0x0000000083100000| Complete 
|  50|0x0000000083200000, 0x0000000083300000, 0x0000000083300000|100%| S|CS|TAMS 0x0000000083200000| PB 0x0000000083200000| Complete 
|  51|0x0000000083300000, 0x0000000083400000, 0x0000000083400000|100%| S|CS|TAMS 0x0000000083300000| PB 0x0000000083300000| Complete 
|  52|0x0000000083400000, 0x0000000083500000, 0x0000000083500000|100%| E|CS|TAMS 0x0000000083400000| PB 0x0000000083400000| Complete 
|  53|0x0000000083500000, 0x0000000083600000, 0x0000000083600000|100%| E|CS|TAMS 0x0000000083500000| PB 0x0000000083500000| Complete 
|  54|0x0000000083600000, 0x0000000083700000, 0x0000000083700000|100%| E|CS|TAMS 0x0000000083600000| PB 0x0000000083600000| Complete 
|  55|0x0000000083700000, 0x0000000083800000, 0x0000000083800000|100%| E|CS|TAMS 0x0000000083700000| PB 0x0000000083700000| Complete 
|  56|0x0000000083800000, 0x0000000083900000, 0x0000000083900000|100%| E|CS|TAMS 0x0000000083800000| PB 0x0000000083800000| Complete 
|  57|0x0000000083900000, 0x0000000083a00000, 0x0000000083a00000|100%| E|CS|TAMS 0x0000000083900000| PB 0x0000000083900000| Complete 
|  58|0x0000000083a00000, 0x0000000083b00000, 0x0000000083b00000|100%| E|CS|TAMS 0x0000000083a00000| PB 0x0000000083a00000| Complete 
|  59|0x0000000083b00000, 0x0000000083c00000, 0x0000000083c00000|100%| E|CS|TAMS 0x0000000083b00000| PB 0x0000000083b00000| Complete 
|  60|0x0000000083c00000, 0x0000000083d00000, 0x0000000083d00000|100%| E|CS|TAMS 0x0000000083c00000| PB 0x0000000083c00000| Complete 
|  61|0x0000000083d00000, 0x0000000083e00000, 0x0000000083e00000|100%| E|CS|TAMS 0x0000000083d00000| PB 0x0000000083d00000| Complete 
|  62|0x0000000083e00000, 0x0000000083f00000, 0x0000000083f00000|100%| E|CS|TAMS 0x0000000083e00000| PB 0x0000000083e00000| Complete 
|  63|0x0000000083f00000, 0x0000000084000000, 0x0000000084000000|100%| E|CS|TAMS 0x0000000083f00000| PB 0x0000000083f00000| Complete 
|  64|0x0000000084000000, 0x0000000084100000, 0x0000000084100000|100%| E|CS|TAMS 0x0000000084000000| PB 0x0000000084000000| Complete 
|  65|0x0000000084100000, 0x0000000084200000, 0x0000000084200000|100%| E|CS|TAMS 0x0000000084100000| PB 0x0000000084100000| Complete 
|  66|0x0000000084200000, 0x0000000084300000, 0x0000000084300000|100%| E|CS|TAMS 0x0000000084200000| PB 0x0000000084200000| Complete 
|  74|0x0000000084a00000, 0x0000000084b00000, 0x0000000084b00000|100%| E|CS|TAMS 0x0000000084a00000| PB 0x0000000084a00000| Complete 
|  75|0x0000000084b00000, 0x0000000084c00000, 0x0000000084c00000|100%| E|CS|TAMS 0x0000000084b00000| PB 0x0000000084b00000| Complete 
|  76|0x0000000084c00000, 0x0000000084d00000, 0x0000000084d00000|100%| E|CS|TAMS 0x0000000084c00000| PB 0x0000000084c00000| Complete 
|  77|0x0000000084d00000, 0x0000000084e00000, 0x0000000084e00000|100%| E|CS|TAMS 0x0000000084d00000| PB 0x0000000084d00000| Complete 
|  78|0x0000000084e00000, 0x0000000084f00000, 0x0000000084f00000|100%| E|CS|TAMS 0x0000000084e00000| PB 0x0000000084e00000| Complete 
|  79|0x0000000084f00000, 0x0000000085000000, 0x0000000085000000|100%| E|CS|TAMS 0x0000000084f00000| PB 0x0000000084f00000| Complete 
|  80|0x0000000085000000, 0x0000000085100000, 0x0000000085100000|100%| E|CS|TAMS 0x0000000085000000| PB 0x0000000085000000| Complete 
|  81|0x0000000085100000, 0x0000000085200000, 0x0000000085200000|100%| E|CS|TAMS 0x0000000085100000| PB 0x0000000085100000| Complete 
|  82|0x0000000085200000, 0x0000000085300000, 0x0000000085300000|100%| E|CS|TAMS 0x0000000085200000| PB 0x0000000085200000| Complete 
| 110|0x0000000086e00000, 0x0000000086f00000, 0x0000000086f00000|100%| E|CS|TAMS 0x0000000086e00000| PB 0x0000000086e00000| Complete 
| 111|0x0000000086f00000, 0x0000000087000000, 0x0000000087000000|100%| E|CS|TAMS 0x0000000086f00000| PB 0x0000000086f00000| Complete 
|2043|0x00000000ffb00000, 0x00000000ffc00000, 0x00000000ffc00000|100%| O|  |TAMS 0x00000000ffb00000| PB 0x00000000ffb00000| Untracked 
|2044|0x00000000ffc00000, 0x00000000ffd00000, 0x00000000ffd00000|100%| O|  |TAMS 0x00000000ffc00000| PB 0x00000000ffc00000| Untracked 
|2045|0x00000000ffd00000, 0x00000000ffe00000, 0x00000000ffe00000|100%| O|  |TAMS 0x00000000ffd00000| PB 0x00000000ffd00000| Untracked 
|2046|0x00000000ffe00000, 0x00000000fff00000, 0x00000000fff00000|100%| O|  |TAMS 0x00000000ffe00000| PB 0x00000000ffe00000| Untracked 
|2047|0x00000000fff00000, 0x0000000100000000, 0x0000000100000000|100%| O|  |TAMS 0x00000000fff00000| PB 0x00000000fff00000| Untracked 

Card table byte_map: [0x0000027d6f040000,0x0000027d6f440000] _byte_map_base: 0x0000027d6ec40000

Marking Bits: (CMBitMap*) 0x0000027d5c0a3c40
 Bits: [0x0000027d6f440000, 0x0000027d71440000)

Polling page: 0x0000027d5a610000

Metaspace:

Usage:
  Non-class:     52.71 MB used.
      Class:      8.35 MB used.
       Both:     61.07 MB used.

Virtual space:
  Non-class space:       64.00 MB reserved,      53.50 MB ( 84%) committed,  1 nodes.
      Class space:        1.00 GB reserved,       9.12 MB ( <1%) committed,  1 nodes.
             Both:        1.06 GB reserved,      62.62 MB (  6%) committed. 

Chunk freelists:
   Non-Class:  9.80 MB
       Class:  6.75 MB
        Both:  16.54 MB

MaxMetaspaceSize: unlimited
CompressedClassSpaceSize: 1.00 GB
Initial GC threshold: 21.00 MB
Current GC threshold: 98.25 MB
CDS: off
 - commit_granule_bytes: 65536.
 - commit_granule_words: 8192.
 - virtual_space_node_default_size: 8388608.
 - enlarge_chunks_in_place: 1.
 - use_allocation_guard: 0.


Internal statistics:

num_allocs_failed_limit: 9.
num_arena_births: 2910.
num_arena_deaths: 0.
num_vsnodes_births: 2.
num_vsnodes_deaths: 0.
num_space_committed: 1002.
num_space_uncommitted: 0.
num_chunks_returned_to_freelist: 9.
num_chunks_taken_from_freelist: 5400.
num_chunk_merges: 9.
num_chunk_splits: 3528.
num_chunks_enlarged: 2197.
num_inconsistent_stats: 0.

CodeHeap 'non-profiled nmethods': size=120000Kb used=2880Kb max_used=2880Kb free=117120Kb
 bounds [0x0000027d66cb0000, 0x0000027d66f80000, 0x0000027d6e1e0000]
CodeHeap 'profiled nmethods': size=120000Kb used=9088Kb max_used=9088Kb free=110911Kb
 bounds [0x0000027d5f1e0000, 0x0000027d5fad0000, 0x0000027d66710000]
CodeHeap 'non-nmethods': size=5760Kb used=1966Kb max_used=2007Kb free=3793Kb
 bounds [0x0000027d66710000, 0x0000027d66980000, 0x0000027d66cb0000]
 total_blobs=5609 nmethods=4866 adapters=647
 compilation: enabled
              stopped_count=0, restarted_count=0
 full_count=0

Compilation events (20 events):
Event: 33.291 Thread 0x0000027d7410ab50 5420       3       org.gradle.internal.reflect.PropertyAccessorType::hasVoidReturnType (11 bytes)
Event: 33.292 Thread 0x0000027d7410ab50 nmethod 5420 0x0000027d5fab3910 code [0x0000027d5fab3ac0, 0x0000027d5fab3d00]
Event: 33.292 Thread 0x0000027d7410ab50 5423       3       org.gradle.internal.reflect.PropertyAccessorType::of (101 bytes)
Event: 33.295 Thread 0x0000027d7410ab50 nmethod 5423 0x0000027d5fab3e10 code [0x0000027d5fab4180, 0x0000027d5fab5798]
Event: 33.295 Thread 0x0000027d7410ab50 5421       3       org.gradle.internal.reflect.PropertyAccessorType::takesSingleParameter (14 bytes)
Event: 33.295 Thread 0x0000027d7410ab50 nmethod 5421 0x0000027d5fab5e90 code [0x0000027d5fab6040, 0x0000027d5fab61f0]
Event: 33.295 Thread 0x0000027d7410ab50 5424       3       org.gradle.internal.reflect.PropertyAccessorType::isIsGetterName (23 bytes)
Event: 33.296 Thread 0x0000027d7410ab50 nmethod 5424 0x0000027d5fab6310 code [0x0000027d5fab64e0, 0x0000027d5fab6800]
Event: 33.296 Thread 0x0000027d7410ab50 5422       3       org.gradle.internal.reflect.PropertyAccessorType::isSetterName (23 bytes)
Event: 33.296 Thread 0x0000027d7410ab50 nmethod 5422 0x0000027d5fab6990 code [0x0000027d5fab6b60, 0x0000027d5fab6e80]
Event: 33.296 Thread 0x0000027d7410ab50 5425       1       sun.reflect.generics.tree.TypeVariableSignature::getIdentifier (5 bytes)
Event: 33.296 Thread 0x0000027d7410ab50 nmethod 5425 0x0000027d66f7ee10 code [0x0000027d66f7efa0, 0x0000027d66f7f068]
Event: 33.296 Thread 0x0000027d7410ab50 5426       1       sun.reflect.generics.factory.CoreReflectionFactory::getScope (5 bytes)
Event: 33.296 Thread 0x0000027d7410ab50 nmethod 5426 0x0000027d66f7f110 code [0x0000027d66f7f2a0, 0x0000027d66f7f368]
Event: 33.300 Thread 0x0000027d7410ab50 5427       1       org.gradle.internal.instantiation.generator.AbstractClassGenerator$GeneratedClassImpl::getOuterType (5 bytes)
Event: 33.300 Thread 0x0000027d7410ab50 nmethod 5427 0x0000027d66f7f410 code [0x0000027d66f7f5a0, 0x0000027d66f7f668]
Event: 33.359 Thread 0x0000027d7410ab50 5428       3       javax.management.ObjectName::setCanonicalName (251 bytes)
Event: 33.361 Thread 0x0000027d7410ab50 nmethod 5428 0x0000027d5fab7010 code [0x0000027d5fab72a0, 0x0000027d5fab81e8]
Event: 33.361 Thread 0x0000027d7410ab50 5429       3       javax.management.ObjectName::isPropertyListPattern (17 bytes)
Event: 33.361 Thread 0x0000027d7410ab50 nmethod 5429 0x0000027d5fab8810 code [0x0000027d5fab89a0, 0x0000027d5fab8b08]

GC Heap History (20 events):
Event: 4.197 GC heap before
{Heap before GC invocations=2 (full 0):
 garbage-first heap   total 114688K, used 56269K [0x0000000080000000, 0x0000000100000000)
  region size 1024K, 48 young (49152K), 5 survivors (5120K)
 Metaspace       used 12597K, committed 12800K, reserved 1114112K
  class space    used 1352K, committed 1472K, reserved 1048576K
}
Event: 4.208 GC heap after
{Heap after GC invocations=3 (full 0):
 garbage-first heap   total 114688K, used 16780K [0x0000000080000000, 0x0000000100000000)
  region size 1024K, 5 young (5120K), 5 survivors (5120K)
 Metaspace       used 12597K, committed 12800K, reserved 1114112K
  class space    used 1352K, committed 1472K, reserved 1048576K
}
Event: 8.063 GC heap before
{Heap before GC invocations=3 (full 0):
 garbage-first heap   total 114688K, used 45452K [0x0000000080000000, 0x0000000100000000)
  region size 1024K, 34 young (34816K), 5 survivors (5120K)
 Metaspace       used 21130K, committed 21504K, reserved 1114112K
  class space    used 2431K, committed 2624K, reserved 1048576K
}
Event: 8.071 GC heap after
{Heap after GC invocations=4 (full 0):
 garbage-first heap   total 114688K, used 20425K [0x0000000080000000, 0x0000000100000000)
  region size 1024K, 9 young (9216K), 9 survivors (9216K)
 Metaspace       used 21130K, committed 21504K, reserved 1114112K
  class space    used 2431K, committed 2624K, reserved 1048576K
}
Event: 15.042 GC heap before
{Heap before GC invocations=5 (full 0):
 garbage-first heap   total 71680K, used 70601K [0x0000000080000000, 0x0000000100000000)
  region size 1024K, 58 young (59392K), 9 survivors (9216K)
 Metaspace       used 29265K, committed 29888K, reserved 1114112K
  class space    used 3719K, committed 4032K, reserved 1048576K
}
Event: 15.053 GC heap after
{Heap after GC invocations=6 (full 0):
 garbage-first heap   total 84992K, used 23948K [0x0000000080000000, 0x0000000100000000)
  region size 1024K, 8 young (8192K), 8 survivors (8192K)
 Metaspace       used 29265K, committed 29888K, reserved 1114112K
  class space    used 3719K, committed 4032K, reserved 1048576K
}
Event: 19.803 GC heap before
{Heap before GC invocations=6 (full 0):
 garbage-first heap   total 84992K, used 65932K [0x0000000080000000, 0x0000000100000000)
  region size 1024K, 49 young (50176K), 8 survivors (8192K)
 Metaspace       used 34962K, committed 35776K, reserved 1114112K
  class space    used 4652K, committed 5056K, reserved 1048576K
}
Event: 19.814 GC heap after
{Heap after GC invocations=7 (full 0):
 garbage-first heap   total 84992K, used 26314K [0x0000000080000000, 0x0000000100000000)
  region size 1024K, 6 young (6144K), 6 survivors (6144K)
 Metaspace       used 34962K, committed 35776K, reserved 1114112K
  class space    used 4652K, committed 5056K, reserved 1048576K
}
Event: 20.012 GC heap before
{Heap before GC invocations=7 (full 0):
 garbage-first heap   total 84992K, used 28362K [0x0000000080000000, 0x0000000100000000)
  region size 1024K, 9 young (9216K), 6 survivors (6144K)
 Metaspace       used 35297K, committed 36096K, reserved 1114112K
  class space    used 4715K, committed 5120K, reserved 1048576K
}
Event: 20.018 GC heap after
{Heap after GC invocations=8 (full 0):
 garbage-first heap   total 84992K, used 26634K [0x0000000080000000, 0x0000000100000000)
  region size 1024K, 4 young (4096K), 4 survivors (4096K)
 Metaspace       used 35297K, committed 36096K, reserved 1114112K
  class space    used 4715K, committed 5120K, reserved 1048576K
}
Event: 23.269 GC heap before
{Heap before GC invocations=9 (full 0):
 garbage-first heap   total 84992K, used 71690K [0x0000000080000000, 0x0000000100000000)
  region size 1024K, 48 young (49152K), 4 survivors (4096K)
 Metaspace       used 41812K, committed 42944K, reserved 1114112K
  class space    used 5671K, committed 6208K, reserved 1048576K
}
Event: 23.275 GC heap after
{Heap after GC invocations=10 (full 0):
 garbage-first heap   total 84992K, used 29209K [0x0000000080000000, 0x0000000100000000)
  region size 1024K, 6 young (6144K), 6 survivors (6144K)
 Metaspace       used 41812K, committed 42944K, reserved 1114112K
  class space    used 5671K, committed 6208K, reserved 1048576K
}
Event: 25.476 GC heap before
{Heap before GC invocations=10 (full 0):
 garbage-first heap   total 84992K, used 72217K [0x0000000080000000, 0x0000000100000000)
  region size 1024K, 49 young (50176K), 6 survivors (6144K)
 Metaspace       used 46784K, committed 48064K, reserved 1114112K
  class space    used 6240K, committed 6848K, reserved 1048576K
}
Event: 25.486 GC heap after
{Heap after GC invocations=11 (full 0):
 garbage-first heap   total 84992K, used 32788K [0x0000000080000000, 0x0000000100000000)
  region size 1024K, 7 young (7168K), 7 survivors (7168K)
 Metaspace       used 46784K, committed 48064K, reserved 1114112K
  class space    used 6240K, committed 6848K, reserved 1048576K
}
Event: 28.144 GC heap before
{Heap before GC invocations=11 (full 0):
 garbage-first heap   total 84992K, used 71700K [0x0000000080000000, 0x0000000100000000)
  region size 1024K, 45 young (46080K), 7 survivors (7168K)
 Metaspace       used 49396K, committed 50752K, reserved 1114112K
  class space    used 6661K, committed 7296K, reserved 1048576K
}
Event: 28.154 GC heap after
{Heap after GC invocations=12 (full 0):
 garbage-first heap   total 84992K, used 35217K [0x0000000080000000, 0x0000000100000000)
  region size 1024K, 3 young (3072K), 3 survivors (3072K)
 Metaspace       used 49396K, committed 50752K, reserved 1114112K
  class space    used 6661K, committed 7296K, reserved 1048576K
}
Event: 30.170 GC heap before
{Heap before GC invocations=12 (full 0):
 garbage-first heap   total 84992K, used 75153K [0x0000000080000000, 0x0000000100000000)
  region size 1024K, 41 young (41984K), 3 survivors (3072K)
 Metaspace       used 55206K, committed 56704K, reserved 1114112K
  class space    used 7424K, committed 8192K, reserved 1048576K
}
Event: 30.175 GC heap after
{Heap after GC invocations=13 (full 0):
 garbage-first heap   total 84992K, used 36407K [0x0000000080000000, 0x0000000100000000)
  region size 1024K, 4 young (4096K), 4 survivors (4096K)
 Metaspace       used 55206K, committed 56704K, reserved 1114112K
  class space    used 7424K, committed 8192K, reserved 1048576K
}
Event: 31.753 GC heap before
{Heap before GC invocations=13 (full 0):
 garbage-first heap   total 84992K, used 62007K [0x0000000080000000, 0x0000000100000000)
  region size 1024K, 30 young (30720K), 4 survivors (4096K)
 Metaspace       used 58784K, committed 60288K, reserved 1114112K
  class space    used 7922K, committed 8704K, reserved 1048576K
}
Event: 31.760 GC heap after
{Heap after GC invocations=14 (full 0):
 garbage-first heap   total 84992K, used 37786K [0x0000000080000000, 0x0000000100000000)
  region size 1024K, 3 young (3072K), 3 survivors (3072K)
 Metaspace       used 58784K, committed 60288K, reserved 1114112K
  class space    used 7922K, committed 8704K, reserved 1048576K
}

Dll operation events (3 events):
Event: 0.028 Loaded shared library C:\Program Files\Android\Android Studio\jbr\bin\java.dll
Event: 0.038 Loaded shared library C:\Program Files\Android\Android Studio\jbr\bin\zip.dll
Event: 1.313 Loaded shared library C:\Program Files\Android\Android Studio\jbr\bin\verify.dll

Deoptimization events (20 events):
Event: 32.734 Thread 0x0000027d79fc5930 Uncommon trap: trap_request=0xffffffde fr.pc=0x0000027d66f3b918 relative=0x0000000000005958
Event: 32.734 Thread 0x0000027d79fc5930 Uncommon trap: reason=class_check action=maybe_recompile pc=0x0000027d66f3b918 method=java.net.URLClassLoader.defineClass(Ljava/lang/String;Ljdk/internal/loader/Resource;)Ljava/lang/Class; @ 34 c2
Event: 32.734 Thread 0x0000027d79fc5930 DEOPT PACKING pc=0x0000027d66f3b918 sp=0x000000dc953f8870
Event: 32.734 Thread 0x0000027d79fc5930 DEOPT UNPACKING pc=0x0000027d667646a2 sp=0x000000dc953f8668 mode 2
Event: 32.739 Thread 0x0000027d79fc5930 Uncommon trap: trap_request=0xffffffde fr.pc=0x0000027d66f3b918 relative=0x0000000000005958
Event: 32.739 Thread 0x0000027d79fc5930 Uncommon trap: reason=class_check action=maybe_recompile pc=0x0000027d66f3b918 method=java.net.URLClassLoader.defineClass(Ljava/lang/String;Ljdk/internal/loader/Resource;)Ljava/lang/Class; @ 34 c2
Event: 32.739 Thread 0x0000027d79fc5930 DEOPT PACKING pc=0x0000027d66f3b918 sp=0x000000dc953f8870
Event: 32.739 Thread 0x0000027d79fc5930 DEOPT UNPACKING pc=0x0000027d667646a2 sp=0x000000dc953f8668 mode 2
Event: 32.743 Thread 0x0000027d79fc5930 Uncommon trap: trap_request=0xffffffde fr.pc=0x0000027d66f2c454 relative=0x00000000000052b4
Event: 32.743 Thread 0x0000027d79fc5930 Uncommon trap: reason=class_check action=maybe_recompile pc=0x0000027d66f2c454 method=java.net.URLClassLoader.defineClass(Ljava/lang/String;Ljdk/internal/loader/Resource;)Ljava/lang/Class; @ 34 c2
Event: 32.743 Thread 0x0000027d79fc5930 DEOPT PACKING pc=0x0000027d66f2c454 sp=0x000000dc953f87c0
Event: 32.743 Thread 0x0000027d79fc5930 DEOPT UNPACKING pc=0x0000027d667646a2 sp=0x000000dc953f8710 mode 2
Event: 32.747 Thread 0x0000027d79fc5930 Uncommon trap: trap_request=0xffffffde fr.pc=0x0000027d66f52550 relative=0x00000000000052b0
Event: 32.747 Thread 0x0000027d79fc5930 Uncommon trap: reason=class_check action=maybe_recompile pc=0x0000027d66f52550 method=java.net.URLClassLoader.defineClass(Ljava/lang/String;Ljdk/internal/loader/Resource;)Ljava/lang/Class; @ 34 c2
Event: 32.747 Thread 0x0000027d79fc5930 DEOPT PACKING pc=0x0000027d66f52550 sp=0x000000dc953f8750
Event: 32.747 Thread 0x0000027d79fc5930 DEOPT UNPACKING pc=0x0000027d667646a2 sp=0x000000dc953f8708 mode 2
Event: 33.290 Thread 0x0000027d79fc5930 Uncommon trap: trap_request=0xffffff45 fr.pc=0x0000027d66cec20c relative=0x00000000000003cc
Event: 33.290 Thread 0x0000027d79fc5930 Uncommon trap: reason=unstable_if action=reinterpret pc=0x0000027d66cec20c method=org.gradle.internal.reflect.PropertyAccessorType.isGetGetterName(Ljava/lang/String;)Z @ 14 c2
Event: 33.290 Thread 0x0000027d79fc5930 DEOPT PACKING pc=0x0000027d66cec20c sp=0x000000dc953f9160
Event: 33.290 Thread 0x0000027d79fc5930 DEOPT UNPACKING pc=0x0000027d667646a2 sp=0x000000dc953f90b8 mode 2

Classes loaded (20 events):
Event: 32.716 Loading class java/io/ObjectStreamClass$1
Event: 32.717 Loading class java/io/ObjectStreamClass$1 done
Event: 32.717 Loading class java/io/ObjectStreamClass$MemberSignature
Event: 32.717 Loading class java/io/ObjectStreamClass$MemberSignature done
Event: 32.717 Loading class java/io/ObjectStreamClass$3
Event: 32.717 Loading class java/io/ObjectStreamClass$3 done
Event: 32.718 Loading class java/io/ObjectStreamClass$4
Event: 32.718 Loading class java/io/ObjectStreamClass$4 done
Event: 32.718 Loading class java/io/ObjectStreamClass$5
Event: 32.718 Loading class java/io/ObjectStreamClass$5 done
Event: 32.720 Loading class java/io/ObjectStreamClass$ClassDataSlot
Event: 32.720 Loading class java/io/ObjectStreamClass$ClassDataSlot done
Event: 32.724 Loading class jdk/internal/reflect/MethodHandleLongFieldAccessorImpl
Event: 32.725 Loading class jdk/internal/reflect/MethodHandleLongFieldAccessorImpl done
Event: 32.735 Loading class java/io/SerialCallbackContext
Event: 32.736 Loading class java/io/SerialCallbackContext done
Event: 33.152 Loading class java/util/DualPivotQuicksort
Event: 33.152 Loading class java/util/DualPivotQuicksort done
Event: 33.278 Loading class java/util/function/LongUnaryOperator
Event: 33.279 Loading class java/util/function/LongUnaryOperator done

Classes unloaded (0 events):
No events

Classes redefined (0 events):
No events

Internal exceptions (20 events):
Event: 28.987 Thread 0x0000027d79fc5930 Exception <a 'java/lang/NoSuchMethodError'{0x0000000083e4f6a8}: 'java.lang.Object java.lang.invoke.DirectMethodHandle$Holder.newInvokeSpecial(java.lang.Object, int, java.lang.Object)'> (0x0000000083e4f6a8) 
thrown [s\src\hotspot\share\interpreter\linkResolver.cpp, line 784]
Event: 29.129 Thread 0x0000027d79fc5930 Exception <a 'java/lang/NoSuchMethodError'{0x0000000083c84160}: 'java.lang.Object java.lang.invoke.DirectMethodHandle$Holder.invokeSpecial(java.lang.Object, java.lang.Object, long, java.lang.Object, java.lang.Object)'> (0x0000000083c84160) 
thrown [s\src\hotspot\share\interpreter\linkResolver.cpp, line 784]
Event: 29.173 Thread 0x0000027d79fc5930 Exception <a 'java/lang/NoSuchMethodError'{0x0000000083b55580}: 'java.lang.Object java.lang.invoke.DirectMethodHandle$Holder.newInvokeSpecial(java.lang.Object, java.lang.Object, int, java.lang.Object)'> (0x0000000083b55580) 
thrown [s\src\hotspot\share\interpreter\linkResolver.cpp, line 784]
Event: 29.174 Thread 0x0000027d79fc5930 Exception <a 'java/lang/NoSuchMethodError'{0x0000000083b59dc0}: 'java.lang.Object java.lang.invoke.DirectMethodHandle$Holder.invokeSpecial(java.lang.Object, java.lang.Object, java.lang.Object, int, java.lang.Object)'> (0x0000000083b59dc0) 
thrown [s\src\hotspot\share\interpreter\linkResolver.cpp, line 784]
Event: 31.323 Thread 0x0000027d79fc5930 Exception <a 'sun/nio/fs/WindowsException'{0x0000000083a21df8}> (0x0000000083a21df8) 
thrown [s\src\hotspot\share\prims\jni.cpp, line 535]
Event: 31.323 Thread 0x0000027d79fc5930 Exception <a 'sun/nio/fs/WindowsException'{0x0000000083a234d0}> (0x0000000083a234d0) 
thrown [s\src\hotspot\share\prims\jni.cpp, line 535]
Event: 31.406 Thread 0x0000027d79fc5930 Exception <a 'java/lang/NoSuchMethodError'{0x00000000839c8a70}: 'java.lang.Object java.lang.invoke.DirectMethodHandle$Holder.newInvokeSpecial(java.lang.Object, java.lang.Object, java.lang.Object, int)'> (0x00000000839c8a70) 
thrown [s\src\hotspot\share\interpreter\linkResolver.cpp, line 784]
Event: 31.407 Thread 0x0000027d79fc5930 Exception <a 'java/lang/NoSuchMethodError'{0x00000000839cd298}: 'java.lang.Object java.lang.invoke.DirectMethodHandle$Holder.invokeSpecial(java.lang.Object, java.lang.Object, java.lang.Object, java.lang.Object, int)'> (0x00000000839cd298) 
thrown [s\src\hotspot\share\interpreter\linkResolver.cpp, line 784]
Event: 31.408 Thread 0x0000027d79fc5930 Exception <a 'java/lang/NoSuchMethodError'{0x00000000839d1408}: 'java.lang.Object java.lang.invoke.Invokers$Holder.linkToTargetMethod(java.lang.Object, java.lang.Object, int, java.lang.Object)'> (0x00000000839d1408) 
thrown [s\src\hotspot\share\interpreter\linkResolver.cpp, line 784]
Event: 31.447 Thread 0x0000027d79fc5930 Exception <a 'sun/nio/fs/WindowsException'{0x0000000083882440}> (0x0000000083882440) 
thrown [s\src\hotspot\share\prims\jni.cpp, line 535]
Event: 31.635 Thread 0x0000027d79fc5930 Exception <a 'java/lang/NoSuchMethodError'{0x00000000836cb988}: 'int java.lang.invoke.DirectMethodHandle$Holder.invokeInterface(java.lang.Object, java.lang.Object, java.lang.Object, java.lang.Object, java.lang.Object)'> (0x00000000836cb988) 
thrown [s\src\hotspot\share\interpreter\linkResolver.cpp, line 784]
Event: 32.161 Thread 0x0000027d79fc5930 Exception <a 'java/lang/NoSuchMethodError'{0x0000000084fccbe8}: 'void java.lang.invoke.DirectMethodHandle$Holder.invokeStatic(java.lang.Object, java.lang.Object, java.lang.Object, java.lang.Object, java.lang.Object, java.lang.Object, java.lang.Object)'> (0x0000000084fccbe8) 
thrown [s\src\hotspot\share\interpreter\linkResolver.cpp, line 784]
Event: 32.717 Thread 0x0000027d7a043e90 Exception <a 'java/lang/NoSuchMethodError'{0x0000000083c291e0}: static Lorg/gradle/internal/build/event/types/DefaultOperationStartedProgressEvent;.<clinit>()V> (0x0000000083c291e0) 
thrown [s\src\hotspot\share\prims\jni.cpp, line 1135]
Event: 32.719 Thread 0x0000027d7a043e90 Exception <a 'java/lang/NoSuchMethodError'{0x0000000083c2bef0}: static Lorg/gradle/internal/build/event/types/AbstractProgressEvent;.<clinit>()V> (0x0000000083c2bef0) 
thrown [s\src\hotspot\share\prims\jni.cpp, line 1135]
Event: 32.723 Thread 0x0000027d7a043e90 Exception <a 'java/lang/NoSuchMethodError'{0x0000000083cbdec8}: static Lorg/gradle/internal/build/event/types/DefaultProjectConfigurationDescriptor;.<clinit>()V> (0x0000000083cbdec8) 
thrown [s\src\hotspot\share\prims\jni.cpp, line 1135]
Event: 32.724 Thread 0x0000027d7a043e90 Exception <a 'java/lang/NoSuchMethodError'{0x0000000083cc06b0}: static Lorg/gradle/internal/build/event/types/DefaultOperationDescriptor;.<clinit>()V> (0x0000000083cc06b0) 
thrown [s\src\hotspot\share\prims\jni.cpp, line 1135]
Event: 32.726 Thread 0x0000027d7a043e90 Exception <a 'java/lang/NoSuchMethodError'{0x0000000083cc41c0}: 'long java.lang.invoke.DirectMethodHandle$Holder.invokeSpecial(java.lang.Object, java.lang.Object)'> (0x0000000083cc41c0) 
thrown [s\src\hotspot\share\interpreter\linkResolver.cpp, line 784]
Event: 32.726 Thread 0x0000027d7a043e90 Exception <a 'java/lang/NoSuchMethodError'{0x0000000083cc8bd0}: 'long java.lang.invoke.Invokers$Holder.invokeExact_MT(java.lang.Object, java.lang.Object)'> (0x0000000083cc8bd0) 
thrown [s\src\hotspot\share\interpreter\linkResolver.cpp, line 784]
Event: 32.732 Thread 0x0000027d7a043e90 Exception <a 'java/lang/NoSuchMethodError'{0x0000000083ce0610}: static Lorg/gradle/internal/operations/OperationIdentifier;.<clinit>()V> (0x0000000083ce0610) 
thrown [s\src\hotspot\share\prims\jni.cpp, line 1135]
Event: 33.281 Thread 0x0000027d79fc5930 Exception <a 'java/lang/NoSuchMethodError'{0x000000008342b7d0}: 'long java.lang.invoke.DirectMethodHandle$Holder.invokeStatic(java.lang.Object, long)'> (0x000000008342b7d0) 
thrown [s\src\hotspot\share\interpreter\linkResolver.cpp, line 784]

ZGC Phase Switch (0 events):
No events

VM Operations (20 events):
Event: 28.144 Executing VM operation: G1CollectForAllocation (G1 Evacuation Pause)
Event: 28.154 Executing VM operation: G1CollectForAllocation (G1 Evacuation Pause) done
Event: 29.165 Executing VM operation: Cleanup
Event: 29.165 Executing VM operation: Cleanup done
Event: 29.224 Executing VM operation: HandshakeAllThreads (Deoptimize)
Event: 29.224 Executing VM operation: HandshakeAllThreads (Deoptimize) done
Event: 30.170 Executing VM operation: G1CollectForAllocation (G1 Evacuation Pause)
Event: 30.175 Executing VM operation: G1CollectForAllocation (G1 Evacuation Pause) done
Event: 31.183 Executing VM operation: Cleanup
Event: 31.183 Executing VM operation: Cleanup done
Event: 31.753 Executing VM operation: CollectForMetadataAllocation (Metadata GC Threshold)
Event: 31.761 Executing VM operation: CollectForMetadataAllocation (Metadata GC Threshold) done
Event: 31.807 Executing VM operation: G1PauseRemark
Event: 31.813 Executing VM operation: G1PauseRemark done
Event: 31.834 Executing VM operation: G1PauseCleanup
Event: 31.835 Executing VM operation: G1PauseCleanup done
Event: 32.535 Executing VM operation: HandshakeAllThreads (Deoptimize)
Event: 32.535 Executing VM operation: HandshakeAllThreads (Deoptimize) done
Event: 32.629 Executing VM operation: ICBufferFull
Event: 32.630 Executing VM operation: ICBufferFull done

Memory protections (0 events):
No events

Nmethod flushes (20 events):
Event: 31.811 Thread 0x0000027d7408b930 flushing  nmethod 0x0000027d5f288790
Event: 31.811 Thread 0x0000027d7408b930 flushing  nmethod 0x0000027d5f28b490
Event: 31.811 Thread 0x0000027d7408b930 flushing  nmethod 0x0000027d5f28bc10
Event: 31.811 Thread 0x0000027d7408b930 flushing  nmethod 0x0000027d5f2c5c10
Event: 31.811 Thread 0x0000027d7408b930 flushing  nmethod 0x0000027d5f2c6a10
Event: 31.811 Thread 0x0000027d7408b930 flushing  nmethod 0x0000027d5f336990
Event: 31.811 Thread 0x0000027d7408b930 flushing  nmethod 0x0000027d5f37bc90
Event: 31.811 Thread 0x0000027d7408b930 flushing  nmethod 0x0000027d5f3af390
Event: 31.811 Thread 0x0000027d7408b930 flushing  nmethod 0x0000027d5f3afc10
Event: 31.811 Thread 0x0000027d7408b930 flushing  nmethod 0x0000027d5f3b0390
Event: 31.811 Thread 0x0000027d7408b930 flushing  nmethod 0x0000027d5f3b2a10
Event: 31.811 Thread 0x0000027d7408b930 flushing  nmethod 0x0000027d5f412d10
Event: 31.811 Thread 0x0000027d7408b930 flushing  nmethod 0x0000027d5f416590
Event: 31.811 Thread 0x0000027d7408b930 flushing  nmethod 0x0000027d5f4f1b10
Event: 31.811 Thread 0x0000027d7408b930 flushing  nmethod 0x0000027d5f5c5490
Event: 31.811 Thread 0x0000027d7408b930 flushing  nmethod 0x0000027d5f5cff90
Event: 31.811 Thread 0x0000027d7408b930 flushing  nmethod 0x0000027d5f632410
Event: 31.811 Thread 0x0000027d7408b930 flushing  nmethod 0x0000027d5f6b4a90
Event: 31.811 Thread 0x0000027d7408b930 flushing  nmethod 0x0000027d5f7b6e10
Event: 31.811 Thread 0x0000027d7408b930 flushing  nmethod 0x0000027d5f7b8810

Events (20 events):
Event: 16.416 Thread 0x0000027d79fc5930 Thread added: 0x0000027d7a046c80
Event: 16.802 Thread 0x0000027d7a539910 Thread exited: 0x0000027d7a539910
Event: 16.933 Thread 0x0000027d7410ab50 Thread added: 0x0000027d7c6e8a20
Event: 17.261 Thread 0x0000027d7c6e8a20 Thread exited: 0x0000027d7c6e8a20
Event: 17.850 Thread 0x0000027d79fc5930 Thread added: 0x0000027d7a045f60
Event: 17.924 Thread 0x0000027d79fc5930 Thread added: 0x0000027d7a043800
Event: 18.739 Thread 0x0000027d79fc5930 Thread added: 0x0000027d7c330c10
Event: 18.834 Thread 0x0000027d79fc5930 Thread added: 0x0000027d7c331fc0
Event: 20.658 Thread 0x0000027d79fc5930 Thread added: 0x0000027d7c332ce0
Event: 21.633 Thread 0x0000027d79fc5930 Thread added: 0x0000027d7c330580
Event: 22.089 Thread 0x0000027d79fc5930 Thread added: 0x0000027d7c3312a0
Event: 22.813 Thread 0x0000027d7410ab50 Thread added: 0x0000027d7c1eaa90
Event: 23.256 Thread 0x0000027d7c1eaa90 Thread exited: 0x0000027d7c1eaa90
Event: 24.793 Thread 0x0000027d7410ab50 Thread added: 0x0000027d7c1e8880
Event: 24.982 Thread 0x0000027d7c1e8880 Thread exited: 0x0000027d7c1e8880
Event: 26.193 Thread 0x0000027d7410ab50 Thread added: 0x0000027d7c1ea3c0
Event: 26.694 Thread 0x0000027d7c1ea3c0 Thread exited: 0x0000027d7c1ea3c0
Event: 28.686 Thread 0x0000027d7410ab50 Thread added: 0x0000027d7c1ea3c0
Event: 30.649 Thread 0x0000027d7c1ea3c0 Thread exited: 0x0000027d7c1ea3c0
Event: 32.027 Thread 0x0000027d7410ab50 Thread added: 0x0000027d7c1e9620


Dynamic libraries:
0x00007ff7dd940000 - 0x00007ff7dd94a000 	C:\Program Files\Android\Android Studio\jbr\bin\java.exe
0x00007ffff5d20000 - 0x00007ffff5f88000 	C:\WINDOWS\SYSTEM32\ntdll.dll
0x00007ffff4660000 - 0x00007ffff4729000 	C:\WINDOWS\System32\KERNEL32.DLL
0x00007ffff2f60000 - 0x00007ffff3352000 	C:\WINDOWS\System32\KERNELBASE.dll
0x00007ffff3870000 - 0x00007ffff39bb000 	C:\WINDOWS\System32\ucrtbase.dll
0x00007fffdccc0000 - 0x00007fffdccdb000 	C:\Program Files\Android\Android Studio\jbr\bin\VCRUNTIME140.dll
0x00007fffdcc10000 - 0x00007fffdcc28000 	C:\Program Files\Android\Android Studio\jbr\bin\jli.dll
0x00007ffff4220000 - 0x00007ffff43e5000 	C:\WINDOWS\System32\USER32.dll
0x00007ffff3420000 - 0x00007ffff3447000 	C:\WINDOWS\System32\win32u.dll
0x00007fffd9ab0000 - 0x00007fffd9d43000 	C:\WINDOWS\WinSxS\amd64_microsoft.windows.common-controls_6595b64144ccf1df_6.0.26100.6899_none_3e0efeeae32e88c1\COMCTL32.dll
0x00007ffff4400000 - 0x00007ffff442b000 	C:\WINDOWS\System32\GDI32.dll
0x00007ffff3740000 - 0x00007ffff386d000 	C:\WINDOWS\System32\gdi32full.dll
0x00007ffff5210000 - 0x00007ffff52b9000 	C:\WINDOWS\System32\msvcrt.dll
0x00007ffff2eb0000 - 0x00007ffff2f53000 	C:\WINDOWS\System32\msvcp_win.dll
0x00007ffff4f70000 - 0x00007ffff4f9f000 	C:\WINDOWS\System32\IMM32.DLL
0x00007fffddd80000 - 0x00007fffddd8c000 	C:\Program Files\Android\Android Studio\jbr\bin\vcruntime140_1.dll
0x00007fff98f00000 - 0x00007fff98f8d000 	C:\Program Files\Android\Android Studio\jbr\bin\msvcp140.dll
0x00007fff24850000 - 0x00007fff254da000 	C:\Program Files\Android\Android Studio\jbr\bin\server\jvm.dll
0x00007ffff4cc0000 - 0x00007ffff4d74000 	C:\WINDOWS\System32\ADVAPI32.dll
0x00007ffff4ec0000 - 0x00007ffff4f66000 	C:\WINDOWS\System32\sechost.dll
0x00007ffff4000000 - 0x00007ffff4118000 	C:\WINDOWS\System32\RPCRT4.dll
0x00007ffff4c40000 - 0x00007ffff4cb4000 	C:\WINDOWS\System32\WS2_32.dll
0x00007ffff2d10000 - 0x00007ffff2d6e000 	C:\WINDOWS\SYSTEM32\POWRPROF.dll
0x00007fffef880000 - 0x00007fffef8b5000 	C:\WINDOWS\SYSTEM32\WINMM.dll
0x00007fffec190000 - 0x00007fffec19b000 	C:\WINDOWS\SYSTEM32\VERSION.dll
0x00007ffff2cf0000 - 0x00007ffff2d04000 	C:\WINDOWS\SYSTEM32\UMPDC.dll
0x00007ffff1c80000 - 0x00007ffff1c9b000 	C:\WINDOWS\SYSTEM32\kernel.appcore.dll
0x00007fffd9170000 - 0x00007fffd917a000 	C:\Program Files\Android\Android Studio\jbr\bin\jimage.dll
0x00007ffff02f0000 - 0x00007ffff0532000 	C:\WINDOWS\SYSTEM32\DBGHELP.DLL
0x00007ffff3ba0000 - 0x00007ffff3f1b000 	C:\WINDOWS\System32\combase.dll
0x00007ffff3f20000 - 0x00007ffff3ff7000 	C:\WINDOWS\System32\OLEAUT32.dll
0x00007fffda370000 - 0x00007fffda3ac000 	C:\WINDOWS\SYSTEM32\dbgcore.DLL
0x00007ffff3a50000 - 0x00007ffff3ae8000 	C:\WINDOWS\System32\bcryptPrimitives.dll
0x00007fffd8310000 - 0x00007fffd831e000 	C:\Program Files\Android\Android Studio\jbr\bin\instrument.dll
0x00007fffd8410000 - 0x00007fffd8430000 	C:\Program Files\Android\Android Studio\jbr\bin\java.dll
0x00007fffd8380000 - 0x00007fffd8398000 	C:\Program Files\Android\Android Studio\jbr\bin\zip.dll
0x00007ffff52c0000 - 0x00007ffff5a0d000 	C:\WINDOWS\System32\SHELL32.dll
0x00007ffff3450000 - 0x00007ffff35bb000 	C:\WINDOWS\System32\wintypes.dll
0x00007ffff0af0000 - 0x00007ffff134d000 	C:\WINDOWS\SYSTEM32\windows.storage.dll
0x00007ffff4120000 - 0x00007ffff4212000 	C:\WINDOWS\System32\SHCORE.dll
0x00007ffff3b10000 - 0x00007ffff3b72000 	C:\WINDOWS\System32\shlwapi.dll
0x00007ffff2dd0000 - 0x00007ffff2df9000 	C:\WINDOWS\SYSTEM32\profapi.dll
0x00007fffd8400000 - 0x00007fffd8410000 	C:\Program Files\Android\Android Studio\jbr\bin\net.dll
0x00007fffe9450000 - 0x00007fffe956f000 	C:\WINDOWS\SYSTEM32\WINHTTP.dll
0x00007ffff21f0000 - 0x00007ffff225b000 	C:\WINDOWS\system32\mswsock.dll
0x00007fffd8360000 - 0x00007fffd8376000 	C:\Program Files\Android\Android Studio\jbr\bin\nio.dll
0x00007fffd6ad0000 - 0x00007fffd6ae0000 	C:\Program Files\Android\Android Studio\jbr\bin\verify.dll
0x00007fffbdb50000 - 0x00007fffbdb77000 	C:\Users\santi\.gradle\native\c067742578af261105cb4f569cf0c3c89f3d7b1fecec35dd04571415982c5e48\windows-amd64\native-platform.dll
0x00007fff81c00000 - 0x00007fff81d44000 	C:\Users\santi\.gradle\native\100fb08df4bc3b14c8652ba06237920a3bd2aa13389f12d3474272988ae205f9\windows-amd64\native-platform-file-events.dll
0x00007fffd8240000 - 0x00007fffd8249000 	C:\Program Files\Android\Android Studio\jbr\bin\management.dll
0x00007fffd8230000 - 0x00007fffd823b000 	C:\Program Files\Android\Android Studio\jbr\bin\management_ext.dll
0x00007ffff3b90000 - 0x00007ffff3b98000 	C:\WINDOWS\System32\PSAPI.DLL
0x00007ffff24b0000 - 0x00007ffff24cb000 	C:\WINDOWS\SYSTEM32\CRYPTSP.dll
0x00007ffff1be0000 - 0x00007ffff1c1b000 	C:\WINDOWS\system32\rsaenh.dll
0x00007ffff2290000 - 0x00007ffff22bb000 	C:\WINDOWS\SYSTEM32\USERENV.dll
0x00007ffff2da0000 - 0x00007ffff2dc6000 	C:\WINDOWS\SYSTEM32\bcrypt.dll
0x00007ffff24a0000 - 0x00007ffff24ac000 	C:\WINDOWS\SYSTEM32\CRYPTBASE.dll
0x00007ffff1660000 - 0x00007ffff1694000 	C:\WINDOWS\SYSTEM32\IPHLPAPI.DLL
0x00007ffff3b80000 - 0x00007ffff3b8a000 	C:\WINDOWS\System32\NSI.dll
0x00007fffd8250000 - 0x00007fffd8259000 	C:\Program Files\Android\Android Studio\jbr\bin\extnet.dll
0x00007fffd0ef0000 - 0x00007fffd0ef8000 	C:\WINDOWS\system32\wshunix.dll

dbghelp: loaded successfully - version: 4.0.5 - missing functions: none
symbol engine: initialized successfully - sym options: 0x614 - pdb path: .;C:\Program Files\Android\Android Studio\jbr\bin;C:\WINDOWS\SYSTEM32;C:\WINDOWS\WinSxS\amd64_microsoft.windows.common-controls_6595b64144ccf1df_6.0.26100.6899_none_3e0efeeae32e88c1;C:\Program Files\Android\Android Studio\jbr\bin\server;C:\Users\santi\.gradle\native\c067742578af261105cb4f569cf0c3c89f3d7b1fecec35dd04571415982c5e48\windows-amd64;C:\Users\santi\.gradle\native\100fb08df4bc3b14c8652ba06237920a3bd2aa13389f12d3474272988ae205f9\windows-amd64

VM Arguments:
jvm_args: --add-opens=java.base/java.lang=ALL-UNNAMED --add-opens=java.base/java.lang.invoke=ALL-UNNAMED --add-opens=java.base/java.util=ALL-UNNAMED --add-opens=java.prefs/java.util.prefs=ALL-UNNAMED --add-exports=jdk.compiler/com.sun.tools.javac.api=ALL-UNNAMED --add-exports=jdk.compiler/com.sun.tools.javac.util=ALL-UNNAMED --add-opens=java.base/java.util=ALL-UNNAMED --add-opens=java.prefs/java.util.prefs=ALL-UNNAMED --add-opens=java.base/java.nio.charset=ALL-UNNAMED --add-opens=java.base/java.net=ALL-UNNAMED --add-opens=java.base/java.util.concurrent.atomic=ALL-UNNAMED --add-opens=java.xml/javax.xml.namespace=ALL-UNNAMED -Xmx2048m -Dfile.encoding=UTF-8 -Duser.country=CO -Duser.language=es -Duser.variant -javaagent:C:\Users\santi\.gradle\wrapper\dists\gradle-8.11.1-bin\bpt9gzteqjrbo1mjrsomdt32c\gradle-8.11.1\lib\agents\gradle-instrumentation-agent-8.11.1.jar 
java_command: org.gradle.launcher.daemon.bootstrap.GradleDaemon 8.11.1
java_class_path (initial): C:\Users\santi\.gradle\wrapper\dists\gradle-8.11.1-bin\bpt9gzteqjrbo1mjrsomdt32c\gradle-8.11.1\lib\gradle-daemon-main-8.11.1.jar
Launcher Type: SUN_STANDARD

[Global flags]
     intx CICompilerCount                          = 4                                         {product} {ergonomic}
     uint ConcGCThreads                            = 2                                         {product} {ergonomic}
     uint G1ConcRefinementThreads                  = 8                                         {product} {ergonomic}
   size_t G1HeapRegionSize                         = 1048576                                   {product} {ergonomic}
    uintx GCDrainStackTargetSize                   = 64                                        {product} {ergonomic}
   size_t InitialHeapSize                          = 117440512                                 {product} {ergonomic}
   size_t MarkStackSize                            = 4194304                                   {product} {ergonomic}
   size_t MaxHeapSize                              = 2147483648                                {product} {command line}
   size_t MaxNewSize                               = 1287651328                                {product} {ergonomic}
   size_t MinHeapDeltaBytes                        = 1048576                                   {product} {ergonomic}
   size_t MinHeapSize                              = 8388608                                   {product} {ergonomic}
    uintx NonNMethodCodeHeapSize                   = 5839372                                {pd product} {ergonomic}
    uintx NonProfiledCodeHeapSize                  = 122909434                              {pd product} {ergonomic}
    uintx ProfiledCodeHeapSize                     = 122909434                              {pd product} {ergonomic}
    uintx ReservedCodeCacheSize                    = 251658240                              {pd product} {ergonomic}
     bool SegmentedCodeCache                       = true                                      {product} {ergonomic}
   size_t SoftMaxHeapSize                          = 2147483648                             {manageable} {ergonomic}
     bool UseCompressedOops                        = true                           {product lp64_product} {ergonomic}
     bool UseG1GC                                  = true                                      {product} {ergonomic}
     bool UseLargePagesIndividualAllocation        = false                                  {pd product} {ergonomic}

Logging:
Log output configuration:
 #0: stdout all=warning uptime,level,tags foldmultilines=false
 #1: stderr all=off uptime,level,tags foldmultilines=false

Environment Variables:
PATH=C:\Program Files (x86)\VMware\VMware Player\bin\;C:\Program Files\Common Files\Oracle\Java\javapath;C:\WINDOWS\system32;C:\WINDOWS;C:\WINDOWS\System32\Wbem;C:\WINDOWS\System32\WindowsPowerShell\v1.0\;C:\WINDOWS\System32\OpenSSH\;C:\Program Files\nodejs\;C:\Program Files\Git\cmd;C:\Program Files\Docker\Docker\resources\bin;C:\Users\santi\AppData\Local\Microsoft\WindowsApps;C:\Users\santi\AppData\Roaming\npm;C:\Program Files (x86)\Brackets\;C:\Users\santi\AppData\Local\Programs\Microsoft VS Code\bin;C:\Users\santi\AppData\Roaming\Programs\Zero Install;C:\Program Files\JetBrains\IntelliJ IDEA Community Edition 2024.2.0.2\bin;;C:\Users\santi\AppData\Local\Microsoft\WindowsApps;C:\Users\santi\AppData\Local\GitHubDesktop\bin;C:\Users\santi\AppData\Local\Programs\cursor\resources\app\bin
USERNAME=santi
OS=Windows_NT
PROCESSOR_IDENTIFIER=AMD64 Family 23 Model 24 Stepping 1, AuthenticAMD
TMP=C:\Users\santi\AppData\Local\Temp
TEMP=C:\Users\santi\AppData\Local\Temp




Periodic native trim disabled

JNI global refs:
JNI global refs: 26, weak refs: 2

JNI global refs memory usage: 835, weak refs: 833

Process memory usage:
Resident Set Size: 231580K (3% of 7274108K total physical memory with 494916K free physical memory)

OOME stack traces (most recent first):
Classloader memory used:
Loader org.gradle.internal.classloader.VisitableURLClassLoader                         : 32093K
Loader bootstrap                                                                       : 22214K
Loader org.gradle.initialization.MixInLegacyTypesClassLoader                           : 7374K
Loader jdk.internal.loader.ClassLoaders$PlatformClassLoader                            : 551K
Loader jdk.internal.loader.ClassLoaders$AppClassLoader                                 : 234K
Loader org.gradle.internal.classloader.VisitableURLClassLoader                         : 84552B
Loader jdk.internal.reflect.DelegatingClassLoader                                      : 23760B

Classes loaded by more than one classloader:
Class org.gradle.internal.classloader.FilteringClassLoader                            : loaded 2 times (x 101B)
Class org.gradle.internal.classloader.ClassLoaderHierarchy                            : loaded 2 times (x 66B)
Class org.gradle.api.internal.classpath.ManifestUtil                                  : loaded 2 times (x 67B)
Class org.gradle.internal.classloader.DefaultClassLoaderFactory                       : loaded 2 times (x 78B)
Class org.gradle.internal.classloader.ClassLoaderVisitor                              : loaded 2 times (x 72B)
Class org.gradle.api.internal.classpath.EffectiveClassPath                            : loaded 2 times (x 86B)
Class org.gradle.api.internal.DefaultClassPathProvider                                : loaded 2 times (x 72B)
Class [Lorg.gradle.api.internal.ClassPathProvider;                                    : loaded 2 times (x 65B)
Class org.gradle.api.internal.ClassPathProvider                                       : loaded 2 times (x 66B)
Class org.gradle.internal.service.UnknownServiceException                             : loaded 2 times (x 79B)
Class org.gradle.internal.classpath.TransformedClassPath                              : loaded 2 times (x 92B)
Class org.gradle.internal.classloader.InstrumentingClassLoader                        : loaded 2 times (x 66B)
Class org.gradle.internal.service.ServiceLocator                                      : loaded 2 times (x 66B)
Class org.gradle.internal.InternalTransformer                                         : loaded 2 times (x 66B)
Class org.gradle.internal.classloader.ClasspathUtil$1                                 : loaded 2 times (x 72B)
Class org.gradle.api.internal.classpath.DefaultModuleRegistry$DefaultModule           : loaded 2 times (x 82B)
Class org.gradle.api.internal.classpath.Module                                        : loaded 2 times (x 66B)
Class org.gradle.api.internal.classpath.UnknownModuleException                        : loaded 2 times (x 78B)
Class org.gradle.api.internal.DefaultClassPathRegistry                                : loaded 2 times (x 72B)
Class org.gradle.api.internal.ClassPathRegistry                                       : loaded 2 times (x 66B)
Class org.gradle.internal.classpath.DefaultClassPath$ImmutableUniqueList              : loaded 2 times (x 195B)
Class Settings_gradle$1                                                               : loaded 2 times (x 70B)
Class Program                                                                         : loaded 2 times (x 68B)
Class org.gradle.internal.classpath.ClassPath                                         : loaded 2 times (x 66B)
Class org.gradle.api.UncheckedIOException                                             : loaded 2 times (x 78B)
Class org.gradle.internal.installation.GradleInstallation$1                           : loaded 2 times (x 71B)
Class org.gradle.api.internal.classpath.ModuleRegistry                                : loaded 2 times (x 66B)
Class org.gradle.api.internal.classpath.DefaultModuleRegistry                         : loaded 2 times (x 82B)
Class org.gradle.internal.service.ServiceLookupException                              : loaded 2 times (x 78B)
Class org.gradle.internal.classloader.ClassLoaderFactory                              : loaded 2 times (x 66B)
Class org.gradle.internal.service.CachingServiceLocator                               : loaded 2 times (x 78B)
Class org.gradle.internal.classloader.ClasspathUtil                                   : loaded 2 times (x 67B)
Class org.gradle.api.specs.Spec                                                       : loaded 2 times (x 66B)
Class org.gradle.internal.classloader.VisitableURLClassLoader$InstrumentingVisitableURLClassLoader: loaded 2 times (x 119B)
Class org.gradle.internal.classloader.VisitableURLClassLoader$Spec                    : loaded 2 times (x 70B)
Class org.gradle.internal.classpath.DefaultClassPath                                  : loaded 2 times (x 86B)
Class org.gradle.internal.classloader.ClassLoaderSpec                                 : loaded 2 times (x 67B)
Class Settings_gradle$1$1                                                             : loaded 2 times (x 70B)
Class org.gradle.internal.classloader.VisitableURLClassLoader                         : loaded 2 times (x 113B)
Class Settings_gradle                                                                 : loaded 2 times (x 124B)
Class org.gradle.internal.Cast                                                        : loaded 2 times (x 67B)
Class org.gradle.api.Action                                                           : loaded 2 times (x 66B)
Class org.gradle.internal.classpath.DefaultClassPath$ImmutableUniqueList$Builder      : loaded 2 times (x 71B)
Class org.gradle.api.GradleException                                                  : loaded 2 times (x 78B)
Class org.gradle.internal.IoActions                                                   : loaded 2 times (x 67B)
Class org.gradle.internal.classloader.SystemClassLoaderSpec                           : loaded 2 times (x 67B)
Class org.gradle.api.internal.classpath.GlobalCacheRootsProvider                      : loaded 2 times (x 66B)
Class org.gradle.internal.installation.CurrentGradleInstallationLocator               : loaded 2 times (x 67B)
Class org.gradle.internal.service.DefaultServiceLocator                               : loaded 2 times (x 79B)
Class org.gradle.internal.installation.CurrentGradleInstallation                      : loaded 2 times (x 69B)
Class org.gradle.util.internal.GUtil                                                  : loaded 2 times (x 67B)
Class org.gradle.internal.installation.GradleInstallation                             : loaded 2 times (x 71B)

---------------  S Y S T E M  ---------------

OS:
 Windows 11 , 64 bit Build 26100 (10.0.26100.6725)
OS uptime: 9 days 22:02 hours
Hyper-V role detected

CPU: total 8 (initial active 8) (8 cores per cpu, 2 threads per core) family 23 model 24 stepping 1 microcode 0x8108109, cx8, cmov, fxsr, ht, mmx, 3dnowpref, sse, sse2, sse3, ssse3, sse4a, sse4.1, sse4.2, popcnt, lzcnt, tsc, tscinvbit, avx, avx2, aes, clmul, bmi1, bmi2, adx, sha, fma, vzeroupper, clflush, clflushopt, hv, rdtscp, f16c
Processor Information for all 8 processors :
  Max Mhz: 2100, Current Mhz: 2100, Mhz Limit: 2100

Memory: 4k page, system-wide physical 7103M (483M free)
TotalPageFile size 28607M (AvailPageFile size 7M)
current process WorkingSet (physical memory assigned to process): 226M, peak: 233M
current process commit charge ("private bytes"): 311M, peak: 313M

vm_info: OpenJDK 64-Bit Server VM (21.0.5+-12932927-b750.29) for windows-amd64 JRE (21.0.5+-12932927-b750.29), built on 2025-01-17T02:01:10Z by "builder" with MS VC++ 16.10 / 16.11 (VS2019)

END.
